1744373739.879652 client started (2879): version 3.2a, socket /tmp/tmux-1000/default, protocol 8
1744373739.879680 on Linux 5.15.167.4-microsoft-standard-WSL2 #1 SMP Tue Nov 5 00:21:55 UTC 2024
1744373739.879684 using libevent 2.1.12-stable (poll); ncurses 6.3
1744373739.879704 flags are 0x18010000
1744373739.879707 socket is /tmp/tmux-1000/default
1744373739.879716 trying connect
1744373739.879730 connect failed: No such file or directory
1744373739.879737 lock file is /tmp/tmux-1000/default.lock
1744373739.879760 flock succeeded
1744373739.879763 got lock (6)
1744373739.879767 trying connect
1744373739.879772 connect failed: No such file or directory
1744373739.879955 add peer 0x556e90f7a790: 7 ((nil))
1744373739.880928 sending message 100 to peer 0x556e90f7a790 (4 bytes)
1744373739.880939 sending message 111 to peer 0x556e90f7a790 (8 bytes)
1744373739.880943 sending message 101 to peer 0x556e90f7a790 (15 bytes)
1744373739.880946 sending message 109 to peer 0x556e90f7a790 (4 bytes)
1744373739.880949 sending message 102 to peer 0x556e90f7a790 (11 bytes)
1744373739.880952 sending message 108 to peer 0x556e90f7a790 (49 bytes)
1744373739.880955 sending message 112 to peer 0x556e90f7a790 (58 bytes)
1744373739.880958 sending message 112 to peer 0x556e90f7a790 (5 bytes)
1744373739.880961 sending message 112 to peer 0x556e90f7a790 (5 bytes)
1744373739.880964 sending message 112 to peer 0x556e90f7a790 (6 bytes)
1744373739.880966 sending message 112 to peer 0x556e90f7a790 (6 bytes)
1744373739.880969 sending message 112 to peer 0x556e90f7a790 (11 bytes)
1744373739.880972 sending message 112 to peer 0x556e90f7a790 (10 bytes)
1744373739.880975 sending message 112 to peer 0x556e90f7a790 (13 bytes)
1744373739.880977 sending message 112 to peer 0x556e90f7a790 (14 bytes)
1744373739.880980 sending message 112 to peer 0x556e90f7a790 (19 bytes)
1744373739.880983 sending message 112 to peer 0x556e90f7a790 (11 bytes)
1744373739.880985 sending message 112 to peer 0x556e90f7a790 (10 bytes)
1744373739.880988 sending message 112 to peer 0x556e90f7a790 (15 bytes)
1744373739.880991 sending message 112 to peer 0x556e90f7a790 (21 bytes)
1744373739.880994 sending message 112 to peer 0x556e90f7a790 (13 bytes)
1744373739.880996 sending message 112 to peer 0x556e90f7a790 (7 bytes)
1744373739.880999 sending message 112 to peer 0x556e90f7a790 (13 bytes)
1744373739.881002 sending message 112 to peer 0x556e90f7a790 (7 bytes)
1744373739.881005 sending message 112 to peer 0x556e90f7a790 (13 bytes)
1744373739.881008 sending message 112 to peer 0x556e90f7a790 (9 bytes)
1744373739.881011 sending message 112 to peer 0x556e90f7a790 (21 bytes)
1744373739.881013 sending message 112 to peer 0x556e90f7a790 (13 bytes)
1744373739.881016 sending message 112 to peer 0x556e90f7a790 (9 bytes)
1744373739.881019 sending message 112 to peer 0x556e90f7a790 (16 bytes)
1744373739.881022 sending message 112 to peer 0x556e90f7a790 (13 bytes)
1744373739.881024 sending message 112 to peer 0x556e90f7a790 (9 bytes)
1744373739.881027 sending message 112 to peer 0x556e90f7a790 (9 bytes)
1744373739.881030 sending message 112 to peer 0x556e90f7a790 (12 bytes)
1744373739.881032 sending message 112 to peer 0x556e90f7a790 (8 bytes)
1744373739.881035 sending message 112 to peer 0x556e90f7a790 (8 bytes)
1744373739.881038 sending message 112 to peer 0x556e90f7a790 (13 bytes)
1744373739.881040 sending message 112 to peer 0x556e90f7a790 (7 bytes)
1744373739.881043 sending message 112 to peer 0x556e90f7a790 (7 bytes)
1744373739.881046 sending message 112 to peer 0x556e90f7a790 (9 bytes)
1744373739.881048 sending message 112 to peer 0x556e90f7a790 (9 bytes)
1744373739.881051 sending message 112 to peer 0x556e90f7a790 (15 bytes)
1744373739.881054 sending message 112 to peer 0x556e90f7a790 (13 bytes)
1744373739.881057 sending message 112 to peer 0x556e90f7a790 (12 bytes)
1744373739.881059 sending message 112 to peer 0x556e90f7a790 (8 bytes)
1744373739.881062 sending message 112 to peer 0x556e90f7a790 (14 bytes)
1744373739.881065 sending message 112 to peer 0x556e90f7a790 (11 bytes)
1744373739.881068 sending message 112 to peer 0x556e90f7a790 (9 bytes)
1744373739.881076 sending message 112 to peer 0x556e90f7a790 (10 bytes)
1744373739.881079 sending message 112 to peer 0x556e90f7a790 (10 bytes)
1744373739.881081 sending message 112 to peer 0x556e90f7a790 (10 bytes)
1744373739.881084 sending message 112 to peer 0x556e90f7a790 (10 bytes)
1744373739.881087 sending message 112 to peer 0x556e90f7a790 (11 bytes)
1744373739.881089 sending message 112 to peer 0x556e90f7a790 (12 bytes)
1744373739.881092 sending message 112 to peer 0x556e90f7a790 (12 bytes)
1744373739.881095 sending message 112 to peer 0x556e90f7a790 (12 bytes)
1744373739.881097 sending message 112 to peer 0x556e90f7a790 (12 bytes)
1744373739.881100 sending message 112 to peer 0x556e90f7a790 (12 bytes)
1744373739.881103 sending message 112 to peer 0x556e90f7a790 (11 bytes)
1744373739.881105 sending message 112 to peer 0x556e90f7a790 (11 bytes)
1744373739.881108 sending message 112 to peer 0x556e90f7a790 (12 bytes)
1744373739.881111 sending message 112 to peer 0x556e90f7a790 (12 bytes)
1744373739.881114 sending message 112 to peer 0x556e90f7a790 (12 bytes)
1744373739.881116 sending message 112 to peer 0x556e90f7a790 (12 bytes)
1744373739.881119 sending message 112 to peer 0x556e90f7a790 (12 bytes)
1744373739.881122 sending message 112 to peer 0x556e90f7a790 (9 bytes)
1744373739.881125 sending message 112 to peer 0x556e90f7a790 (12 bytes)
1744373739.881127 sending message 112 to peer 0x556e90f7a790 (13 bytes)
1744373739.881130 sending message 112 to peer 0x556e90f7a790 (13 bytes)
1744373739.881133 sending message 112 to peer 0x556e90f7a790 (13 bytes)
1744373739.881136 sending message 112 to peer 0x556e90f7a790 (13 bytes)
1744373739.881138 sending message 112 to peer 0x556e90f7a790 (13 bytes)
1744373739.881141 sending message 112 to peer 0x556e90f7a790 (8 bytes)
1744373739.881144 sending message 112 to peer 0x556e90f7a790 (11 bytes)
1744373739.881147 sending message 112 to peer 0x556e90f7a790 (11 bytes)
1744373739.881149 sending message 112 to peer 0x556e90f7a790 (11 bytes)
1744373739.881152 sending message 112 to peer 0x556e90f7a790 (12 bytes)
1744373739.881155 sending message 112 to peer 0x556e90f7a790 (12 bytes)
1744373739.881157 sending message 112 to peer 0x556e90f7a790 (12 bytes)
1744373739.881160 sending message 112 to peer 0x556e90f7a790 (12 bytes)
1744373739.881163 sending message 112 to peer 0x556e90f7a790 (13 bytes)
1744373739.881166 sending message 112 to peer 0x556e90f7a790 (13 bytes)
1744373739.881168 sending message 112 to peer 0x556e90f7a790 (13 bytes)
1744373739.881171 sending message 112 to peer 0x556e90f7a790 (8 bytes)
1744373739.881174 sending message 112 to peer 0x556e90f7a790 (13 bytes)
1744373739.881177 sending message 112 to peer 0x556e90f7a790 (13 bytes)
1744373739.881180 sending message 112 to peer 0x556e90f7a790 (13 bytes)
1744373739.881183 sending message 112 to peer 0x556e90f7a790 (13 bytes)
1744373739.881185 sending message 112 to peer 0x556e90f7a790 (13 bytes)
1744373739.881188 sending message 112 to peer 0x556e90f7a790 (12 bytes)
1744373739.881191 sending message 112 to peer 0x556e90f7a790 (12 bytes)
1744373739.881193 sending message 112 to peer 0x556e90f7a790 (12 bytes)
1744373739.881196 sending message 112 to peer 0x556e90f7a790 (12 bytes)
1744373739.881199 sending message 112 to peer 0x556e90f7a790 (13 bytes)
1744373739.881202 sending message 112 to peer 0x556e90f7a790 (8 bytes)
1744373739.881204 sending message 112 to peer 0x556e90f7a790 (13 bytes)
1744373739.881207 sending message 112 to peer 0x556e90f7a790 (13 bytes)
1744373739.881210 sending message 112 to peer 0x556e90f7a790 (13 bytes)
1744373739.881213 sending message 112 to peer 0x556e90f7a790 (13 bytes)
1744373739.881215 sending message 112 to peer 0x556e90f7a790 (13 bytes)
1744373739.881218 sending message 112 to peer 0x556e90f7a790 (13 bytes)
1744373739.881221 sending message 112 to peer 0x556e90f7a790 (13 bytes)
1744373739.881223 sending message 112 to peer 0x556e90f7a790 (12 bytes)
1744373739.881226 sending message 112 to peer 0x556e90f7a790 (12 bytes)
1744373739.881229 sending message 112 to peer 0x556e90f7a790 (12 bytes)
1744373739.881234 sending message 112 to peer 0x556e90f7a790 (8 bytes)
1744373739.881237 sending message 112 to peer 0x556e90f7a790 (12 bytes)
1744373739.881240 sending message 112 to peer 0x556e90f7a790 (13 bytes)
1744373739.881243 sending message 112 to peer 0x556e90f7a790 (13 bytes)
1744373739.881245 sending message 112 to peer 0x556e90f7a790 (13 bytes)
1744373739.881248 sending message 112 to peer 0x556e90f7a790 (13 bytes)
1744373739.881251 sending message 112 to peer 0x556e90f7a790 (13 bytes)
1744373739.881253 sending message 112 to peer 0x556e90f7a790 (13 bytes)
1744373739.881256 sending message 112 to peer 0x556e90f7a790 (13 bytes)
1744373739.881259 sending message 112 to peer 0x556e90f7a790 (13 bytes)
1744373739.881262 sending message 112 to peer 0x556e90f7a790 (12 bytes)
1744373739.881264 sending message 112 to peer 0x556e90f7a790 (10 bytes)
1744373739.881267 sending message 112 to peer 0x556e90f7a790 (12 bytes)
1744373739.881270 sending message 112 to peer 0x556e90f7a790 (12 bytes)
1744373739.881273 sending message 112 to peer 0x556e90f7a790 (12 bytes)
1744373739.881275 sending message 112 to peer 0x556e90f7a790 (13 bytes)
1744373739.881278 sending message 112 to peer 0x556e90f7a790 (13 bytes)
1744373739.881281 sending message 112 to peer 0x556e90f7a790 (13 bytes)
1744373739.881284 sending message 112 to peer 0x556e90f7a790 (13 bytes)
1744373739.881287 sending message 112 to peer 0x556e90f7a790 (13 bytes)
1744373739.881290 sending message 112 to peer 0x556e90f7a790 (13 bytes)
1744373739.881292 sending message 112 to peer 0x556e90f7a790 (13 bytes)
1744373739.881295 sending message 112 to peer 0x556e90f7a790 (10 bytes)
1744373739.881298 sending message 112 to peer 0x556e90f7a790 (13 bytes)
1744373739.881300 sending message 112 to peer 0x556e90f7a790 (12 bytes)
1744373739.881303 sending message 112 to peer 0x556e90f7a790 (12 bytes)
1744373739.881306 sending message 112 to peer 0x556e90f7a790 (12 bytes)
1744373739.881309 sending message 112 to peer 0x556e90f7a790 (10 bytes)
1744373739.881311 sending message 112 to peer 0x556e90f7a790 (10 bytes)
1744373739.881314 sending message 112 to peer 0x556e90f7a790 (10 bytes)
1744373739.881317 sending message 112 to peer 0x556e90f7a790 (12 bytes)
1744373739.881319 sending message 112 to peer 0x556e90f7a790 (13 bytes)
1744373739.881322 sending message 112 to peer 0x556e90f7a790 (13 bytes)
1744373739.881325 sending message 112 to peer 0x556e90f7a790 (13 bytes)
1744373739.881328 sending message 112 to peer 0x556e90f7a790 (13 bytes)
1744373739.881330 sending message 112 to peer 0x556e90f7a790 (13 bytes)
1744373739.881333 sending message 112 to peer 0x556e90f7a790 (10 bytes)
1744373739.881336 sending message 112 to peer 0x556e90f7a790 (11 bytes)
1744373739.881339 sending message 112 to peer 0x556e90f7a790 (12 bytes)
1744373739.881341 sending message 112 to peer 0x556e90f7a790 (12 bytes)
1744373739.881344 sending message 112 to peer 0x556e90f7a790 (12 bytes)
1744373739.881347 sending message 112 to peer 0x556e90f7a790 (12 bytes)
1744373739.881350 sending message 112 to peer 0x556e90f7a790 (12 bytes)
1744373739.881352 sending message 112 to peer 0x556e90f7a790 (11 bytes)
1744373739.881355 sending message 112 to peer 0x556e90f7a790 (12 bytes)
1744373739.881358 sending message 112 to peer 0x556e90f7a790 (12 bytes)
1744373739.881360 sending message 112 to peer 0x556e90f7a790 (13 bytes)
1744373739.881363 sending message 112 to peer 0x556e90f7a790 (13 bytes)
1744373739.881366 sending message 112 to peer 0x556e90f7a790 (13 bytes)
1744373739.881368 sending message 112 to peer 0x556e90f7a790 (13 bytes)
1744373739.881371 sending message 112 to peer 0x556e90f7a790 (13 bytes)
1744373739.881374 sending message 112 to peer 0x556e90f7a790 (10 bytes)
1744373739.881377 sending message 112 to peer 0x556e90f7a790 (9 bytes)
1744373739.881379 sending message 112 to peer 0x556e90f7a790 (12 bytes)
1744373739.881382 sending message 112 to peer 0x556e90f7a790 (13 bytes)
1744373739.881385 sending message 112 to peer 0x556e90f7a790 (13 bytes)
1744373739.881387 sending message 112 to peer 0x556e90f7a790 (13 bytes)
1744373739.881394 sending message 112 to peer 0x556e90f7a790 (13 bytes)
1744373739.881397 sending message 112 to peer 0x556e90f7a790 (13 bytes)
1744373739.881400 sending message 112 to peer 0x556e90f7a790 (9 bytes)
1744373739.881402 sending message 112 to peer 0x556e90f7a790 (12 bytes)
1744373739.881405 sending message 112 to peer 0x556e90f7a790 (13 bytes)
1744373739.881408 sending message 112 to peer 0x556e90f7a790 (13 bytes)
1744373739.881410 sending message 112 to peer 0x556e90f7a790 (13 bytes)
1744373739.881413 sending message 112 to peer 0x556e90f7a790 (13 bytes)
1744373739.881416 sending message 112 to peer 0x556e90f7a790 (13 bytes)
1744373739.881419 sending message 112 to peer 0x556e90f7a790 (11 bytes)
1744373739.881422 sending message 112 to peer 0x556e90f7a790 (12 bytes)
1744373739.881425 sending message 112 to peer 0x556e90f7a790 (13 bytes)
1744373739.881427 sending message 112 to peer 0x556e90f7a790 (13 bytes)
1744373739.881430 sending message 112 to peer 0x556e90f7a790 (13 bytes)
1744373739.881433 sending message 112 to peer 0x556e90f7a790 (13 bytes)
1744373739.881435 sending message 112 to peer 0x556e90f7a790 (13 bytes)
1744373739.881438 sending message 112 to peer 0x556e90f7a790 (11 bytes)
1744373739.881441 sending message 112 to peer 0x556e90f7a790 (12 bytes)
1744373739.881443 sending message 112 to peer 0x556e90f7a790 (12 bytes)
1744373739.881446 sending message 112 to peer 0x556e90f7a790 (12 bytes)
1744373739.881451 sending message 112 to peer 0x556e90f7a790 (12 bytes)
1744373739.881454 sending message 112 to peer 0x556e90f7a790 (12 bytes)
1744373739.881457 sending message 112 to peer 0x556e90f7a790 (21 bytes)
1744373739.881459 sending message 112 to peer 0x556e90f7a790 (12 bytes)
1744373739.881462 sending message 112 to peer 0x556e90f7a790 (9 bytes)
1744373739.881465 sending message 112 to peer 0x556e90f7a790 (6 bytes)
1744373739.881468 sending message 112 to peer 0x556e90f7a790 (13 bytes)
1744373739.881470 sending message 112 to peer 0x556e90f7a790 (10 bytes)
1744373739.881474 sending message 112 to peer 0x556e90f7a790 (24 bytes)
1744373739.881477 sending message 112 to peer 0x556e90f7a790 (13 bytes)
1744373739.881479 sending message 112 to peer 0x556e90f7a790 (9 bytes)
1744373739.881482 sending message 112 to peer 0x556e90f7a790 (70 bytes)
1744373739.881485 sending message 112 to peer 0x556e90f7a790 (69 bytes)
1744373739.881487 sending message 112 to peer 0x556e90f7a790 (12 bytes)
1744373739.881490 sending message 112 to peer 0x556e90f7a790 (10 bytes)
1744373739.881493 sending message 112 to peer 0x556e90f7a790 (10 bytes)
1744373739.881497 sending message 112 to peer 0x556e90f7a790 (24 bytes)
1744373739.881500 sending message 112 to peer 0x556e90f7a790 (13 bytes)
1744373739.881503 sending message 112 to peer 0x556e90f7a790 (10 bytes)
1744373739.881505 sending message 112 to peer 0x556e90f7a790 (10 bytes)
1744373739.881508 sending message 112 to peer 0x556e90f7a790 (10 bytes)
1744373739.881511 sending message 112 to peer 0x556e90f7a790 (13 bytes)
1744373739.881513 sending message 112 to peer 0x556e90f7a790 (15 bytes)
1744373739.881516 sending message 112 to peer 0x556e90f7a790 (5 bytes)
1744373739.881520 sending message 104 to peer 0x556e90f7a790 (0 bytes)
1744373739.881523 sending message 110 to peer 0x556e90f7a790 (0 bytes)
1744373739.881527 sending message 107 to peer 0x556e90f7a790 (4 bytes)
1744373739.881530 sending message 105 to peer 0x556e90f7a790 (16 bytes)
1744373739.881532 sending message 105 to peer 0x556e90f7a790 (17 bytes)
1744373739.881535 sending message 105 to peer 0x556e90f7a790 (24 bytes)
1744373739.881538 sending message 105 to peer 0x556e90f7a790 (23 bytes)
1744373739.881540 sending message 105 to peer 0x556e90f7a790 (41 bytes)
1744373739.881545 sending message 105 to peer 0x556e90f7a790 (48 bytes)
1744373739.881548 sending message 105 to peer 0x556e90f7a790 (10 bytes)
1744373739.881550 sending message 105 to peer 0x556e90f7a790 (53 bytes)
1744373739.881553 sending message 105 to peer 0x556e90f7a790 (24 bytes)
1744373739.881555 sending message 105 to peer 0x556e90f7a790 (13 bytes)
1744373739.881561 sending message 105 to peer 0x556e90f7a790 (16 bytes)
1744373739.881563 sending message 105 to peer 0x556e90f7a790 (13 bytes)
1744373739.881566 sending message 105 to peer 0x556e90f7a790 (34 bytes)
1744373739.881569 sending message 105 to peer 0x556e90f7a790 (1519 bytes)
1744373739.881581 sending message 105 to peer 0x556e90f7a790 (26 bytes)
1744373739.881584 sending message 105 to peer 0x556e90f7a790 (34 bytes)
1744373739.881587 sending message 105 to peer 0x556e90f7a790 (20 bytes)
1744373739.881590 sending message 105 to peer 0x556e90f7a790 (32 bytes)
1744373739.881593 sending message 105 to peer 0x556e90f7a790 (10 bytes)
1744373739.881595 sending message 105 to peer 0x556e90f7a790 (11 bytes)
1744373739.881598 sending message 105 to peer 0x556e90f7a790 (8 bytes)
1744373739.881601 sending message 105 to peer 0x556e90f7a790 (32 bytes)
1744373739.881604 sending message 105 to peer 0x556e90f7a790 (29 bytes)
1744373739.881607 sending message 105 to peer 0x556e90f7a790 (33 bytes)
1744373739.881609 sending message 105 to peer 0x556e90f7a790 (65 bytes)
1744373739.881612 sending message 105 to peer 0x556e90f7a790 (1489 bytes)
1744373739.881616 sending message 105 to peer 0x556e90f7a790 (54 bytes)
1744373739.881619 sending message 105 to peer 0x556e90f7a790 (16 bytes)
1744373739.881621 sending message 105 to peer 0x556e90f7a790 (19 bytes)
1744373739.881624 sending message 105 to peer 0x556e90f7a790 (40 bytes)
1744373739.881627 sending message 105 to peer 0x556e90f7a790 (53 bytes)
1744373739.881630 sending message 105 to peer 0x556e90f7a790 (18 bytes)
1744373739.881633 sending message 105 to peer 0x556e90f7a790 (16 bytes)
1744373739.881635 sending message 106 to peer 0x556e90f7a790 (0 bytes)
1744373739.881659 sending message 200 to peer 0x556e90f7a790 (4 bytes)
1744373739.881666 client loop enter
1744373739.881707 client_signal: Child exited
1744373739.959846 peer 0x556e90f7a790 message 207
1744373739.959874 sending message 208 to peer 0x556e90f7a790 (0 bytes)
